<?xml version="1.0" encoding="UTF-8"?>
<!-- Generated by org.testng.reporters.JUnitReportReporter -->
<testsuite name="com.jenkinsBuild.test.DemoTesting" tests="1" time="0.065" ignored="0" failures="0" timestamp="29 Mar 2020 09:52:09 GMT" skipped="0" hostname="RAJEEV" errors="0">
  <testcase name="test001" time="0.065" classname="com.jenkinsBuild.test.DemoTesting"/>
</testsuite> <!-- com.jenkinsBuild.test.DemoTesting -->
